{
  "0 debug pnpm:scope": {
    "selected": 1,
    "workspacePrefix": "/Users/mu/POC"
  },
  "1 error pnpm": {
    "code": "ELIFECYCLE",
    "errno": "ENOENT",
    "syscall": "spawn",
    "file": "sh",
    "pkgid": "@pandora/template_plugin@0.1.0",
    "stage": "dev",
    "script": "webpack serve --env development",
    "pkgname": "@pandora/template_plugin",
    "err": {
      "name": "pnpm",
      "message": "@pandora/template_plugin@0.1.0 dev: `webpack serve --env development`\nspawn ENOENT",
      "code": "ELIFECYCLE",
      "stack": "pnpm: @pandora/template_plugin@0.1.0 dev: `webpack serve --env development`\nspawn ENOENT\n    at ChildProcess.<anonymous> (/Users/mu/.nvm/versions/node/v14.19.3/lib/node_modules/pnpm/dist/pnpm.cjs:93917:22)\n    at ChildProcess.emit (events.js:400:28)\n    at maybeClose (internal/child_process.js:1088:16)\n    at Process.ChildProcess._handle.onexit (internal/child_process.js:296:5)"
    }
  },
  "2 warn pnpm:global": " Local package.json exists, but node_modules missing, did you mean to install?"
}